This file contains any messages produced by compilers while
running configure, to aid debugging if configure makes a mistake.

It was created by uriparser configure 0.8.4, which was
generated by GNU Autoconf 2.69.  Invocation command line was

  $ /home/mario/Documentos/Github_Test/1.ARQUEOPTERIX/FFMPEG-Control-API-Arqueopterix/arch_x86_linux/uriparser/../../3rdplibs/uriparser/configure --prefix=/home/mario/Documentos/Github_Test/1.ARQUEOPTERIX/FFMPEG-Control-API-Arqueopterix/_install_dir_x86 --disable-static --disable-test --disable-wchar_t --disable-doc CFLAGS=-Wall -O3 -fPIC -D_LARGE_FILE_API -D_LARGEFILE64_SOURCE -D_FILE_OFFSET_BITS=64 -Wall -O3 -fPIC -D_LARGE_FILE_API -D_LARGEFILE64_SOURCE -D_FILE_OFFSET_BITS=64 --no-create --no-recursion

## --------- ##
## Platform. ##
## --------- ##

hostname = mario-OptiPlex-7010
uname -m = x86_64
uname -r = 4.13.0-43-generic
uname -s = Linux
uname -v = #48~16.04.1-Ubuntu SMP Thu May 17 12:56:46 UTC 2018

/usr/bin/uname -p = unknown
/bin/uname -X     = unknown

/bin/arch              = unknown
/usr/bin/arch -k       = unknown
/usr/convex/getsysinfo = unknown
/usr/bin/hostinfo      = unknown
/bin/machine           = unknown
/usr/bin/oslevel       = unknown
/bin/universe          = unknown

PATH: /home/mario/bin
PATH: /home/mario/.local/bin
PATH: /usr/local/sbin
PATH: /usr/local/bin
PATH: /usr/sbin
PATH: /usr/bin
PATH: /sbin
PATH: /bin
PATH: /usr/games
PATH: /usr/local/games
PATH: /snap/bin


## ----------- ##
## Core tests. ##
## ----------- ##

configure:2355: checking for a BSD-compatible install
configure:2423: result: /usr/bin/install -c
configure:2434: checking whether build environment is sane
configure:2489: result: yes
configure:2527: WARNING: 'missing' script is too old or missing
configure:2640: checking for a thread-safe mkdir -p
configure:2679: result: /bin/mkdir -p
configure:2686: checking for gawk
configure:2716: result: no
configure:2686: checking for mawk
configure:2702: found /usr/bin/mawk
configure:2713: result: mawk
configure:2724: checking whether make sets $(MAKE)
configure:2746: result: yes
configure:2775: checking whether make supports nested variables
configure:2792: result: yes
configure:2969: checking for gcc
configure:2985: found /usr/bin/gcc
configure:2996: result: gcc
configure:3225: checking for C compiler version
configure:3234: gcc --version >&5
gcc (Ubuntu 5.4.0-6ubuntu1~16.04.9) 5.4.0 20160609
Copyright (C) 2015 Free Software Foundation, Inc.
This is free software; see the source for copying conditions.  There is NO
warranty; not even for MERCHANTABILITY or FITNESS FOR A PARTICULAR PURPOSE.

configure:3245: $? = 0
configure:3234: gcc -v >&5
Using built-in specs.
COLLECT_GCC=gcc
COLLECT_LTO_WRAPPER=/usr/lib/gcc/x86_64-linux-gnu/5/lto-wrapper
Target: x86_64-linux-gnu
Configured with: ../src/configure -v --with-pkgversion='Ubuntu 5.4.0-6ubuntu1~16.04.9' --with-bugurl=file:///usr/share/doc/gcc-5/README.Bugs --enable-languages=c,ada,c++,java,go,d,fortran,objc,obj-c++ --prefix=/usr --program-suffix=-5 --enable-shared --enable-linker-build-id --libexecdir=/usr/lib --without-included-gettext --enable-threads=posix --libdir=/usr/lib --enable-nls --with-sysroot=/ --enable-clocale=gnu --enable-libstdcxx-debug --enable-libstdcxx-time=yes --with-default-libstdcxx-abi=new --enable-gnu-unique-object --disable-vtable-verify --enable-libmpx --enable-plugin --with-system-zlib --disable-browser-plugin --enable-java-awt=gtk --enable-gtk-cairo --with-java-home=/usr/lib/jvm/java-1.5.0-gcj-5-amd64/jre --enable-java-home --with-jvm-root-dir=/usr/lib/jvm/java-1.5.0-gcj-5-amd64 --with-jvm-jar-dir=/usr/lib/jvm-exports/java-1.5.0-gcj-5-amd64 --with-arch-directory=amd64 --with-ecj-jar=/usr/share/java/eclipse-ecj.jar --enable-objc-gc --enable-multiarch --disable-werror --with-arch-32=i686 --with-abi=m64 --with-multilib-list=m32,m64,mx32 --enable-multilib --with-tune=generic --enable-checking=release --build=x86_64-linux-gnu --host=x86_64-linux-gnu --target=x86_64-linux-gnu
Thread model: posix
gcc version 5.4.0 20160609 (Ubuntu 5.4.0-6ubuntu1~16.04.9) 
configure:3245: $? = 0
configure:3234: gcc -V >&5
gcc: error: unrecognized command line option '-V'
gcc: fatal error: no input files
compilation terminated.
configure:3245: $? = 1
configure:3234: gcc -qversion >&5
gcc: error: unrecognized command line option '-qversion'
gcc: fatal error: no input files
compilation terminated.
configure:3245: $? = 1
configure:3265: checking whether the C compiler works
configure:3287: gcc -Wall -O3 -fPIC -D_LARGE_FILE_API -D_LARGEFILE64_SOURCE -D_FILE_OFFSET_BITS=64 -Wall -O3 -fPIC -D_LARGE_FILE_API -D_LARGEFILE64_SOURCE -D_FILE_OFFSET_BITS=64   conftest.c  >&5
configure:3291: $? = 0
configure:3339: result: yes
configure:3342: checking for C compiler default output file name
configure:3344: result: a.out
configure:3350: checking for suffix of executables
configure:3357: gcc -o conftest -Wall -O3 -fPIC -D_LARGE_FILE_API -D_LARGEFILE64_SOURCE -D_FILE_OFFSET_BITS=64 -Wall -O3 -fPIC -D_LARGE_FILE_API -D_LARGEFILE64_SOURCE -D_FILE_OFFSET_BITS=64   conftest.c  >&5
configure:3361: $? = 0
configure:3383: result: 
configure:3405: checking whether we are cross compiling
configure:3413: gcc -o conftest -Wall -O3 -fPIC -D_LARGE_FILE_API -D_LARGEFILE64_SOURCE -D_FILE_OFFSET_BITS=64 -Wall -O3 -fPIC -D_LARGE_FILE_API -D_LARGEFILE64_SOURCE -D_FILE_OFFSET_BITS=64   conftest.c  >&5
configure:3417: $? = 0
configure:3424: ./conftest
configure:3428: $? = 0
configure:3443: result: no
configure:3448: checking for suffix of object files
configure:3470: gcc -c -Wall -O3 -fPIC -D_LARGE_FILE_API -D_LARGEFILE64_SOURCE -D_FILE_OFFSET_BITS=64 -Wall -O3 -fPIC -D_LARGE_FILE_API -D_LARGEFILE64_SOURCE -D_FILE_OFFSET_BITS=64  conftest.c >&5
configure:3474: $? = 0
configure:3495: result: o
configure:3499: checking whether we are using the GNU C compiler
configure:3518: gcc -c -Wall -O3 -fPIC -D_LARGE_FILE_API -D_LARGEFILE64_SOURCE -D_FILE_OFFSET_BITS=64 -Wall -O3 -fPIC -D_LARGE_FILE_API -D_LARGEFILE64_SOURCE -D_FILE_OFFSET_BITS=64  conftest.c >&5
configure:3518: $? = 0
configure:3527: result: yes
configure:3536: checking whether gcc accepts -g
configure:3556: gcc -c -g  conftest.c >&5
configure:3556: $? = 0
configure:3597: result: yes
configure:3614: checking for gcc option to accept ISO C89
configure:3677: gcc  -c -Wall -O3 -fPIC -D_LARGE_FILE_API -D_LARGEFILE64_SOURCE -D_FILE_OFFSET_BITS=64 -Wall -O3 -fPIC -D_LARGE_FILE_API -D_LARGEFILE64_SOURCE -D_FILE_OFFSET_BITS=64  conftest.c >&5
configure:3677: $? = 0
configure:3690: result: none needed
configure:3715: checking whether gcc understands -c and -o together
configure:3737: gcc -c conftest.c -o conftest2.o
configure:3740: $? = 0
configure:3737: gcc -c conftest.c -o conftest2.o
configure:3740: $? = 0
configure:3752: result: yes
configure:3780: checking for style of include used by make
configure:3808: result: GNU
configure:3834: checking dependency style of gcc
configure:3945: result: gcc3
configure:4018: checking for g++
configure:4034: found /usr/bin/g++
configure:4045: result: g++
configure:4072: checking for C++ compiler version
configure:4081: g++ --version >&5
g++ (Ubuntu 5.4.0-6ubuntu1~16.04.9) 5.4.0 20160609
Copyright (C) 2015 Free Software Foundation, Inc.
This is free software; see the source for copying conditions.  There is NO
warranty; not even for MERCHANTABILITY or FITNESS FOR A PARTICULAR PURPOSE.

configure:4092: $? = 0
configure:4081: g++ -v >&5
Using built-in specs.
COLLECT_GCC=g++
COLLECT_LTO_WRAPPER=/usr/lib/gcc/x86_64-linux-gnu/5/lto-wrapper
Target: x86_64-linux-gnu
Configured with: ../src/configure -v --with-pkgversion='Ubuntu 5.4.0-6ubuntu1~16.04.9' --with-bugurl=file:///usr/share/doc/gcc-5/README.Bugs --enable-languages=c,ada,c++,java,go,d,fortran,objc,obj-c++ --prefix=/usr --program-suffix=-5 --enable-shared --enable-linker-build-id --libexecdir=/usr/lib --without-included-gettext --enable-threads=posix --libdir=/usr/lib --enable-nls --with-sysroot=/ --enable-clocale=gnu --enable-libstdcxx-debug --enable-libstdcxx-time=yes --with-default-libstdcxx-abi=new --enable-gnu-unique-object --disable-vtable-verify --enable-libmpx --enable-plugin --with-system-zlib --disable-browser-plugin --enable-java-awt=gtk --enable-gtk-cairo --with-java-home=/usr/lib/jvm/java-1.5.0-gcj-5-amd64/jre --enable-java-home --with-jvm-root-dir=/usr/lib/jvm/java-1.5.0-gcj-5-amd64 --with-jvm-jar-dir=/usr/lib/jvm-exports/java-1.5.0-gcj-5-amd64 --with-arch-directory=amd64 --with-ecj-jar=/usr/share/java/eclipse-ecj.jar --enable-objc-gc --enable-multiarch --disable-werror --with-arch-32=i686 --with-abi=m64 --with-multilib-list=m32,m64,mx32 --enable-multilib --with-tune=generic --enable-checking=release --build=x86_64-linux-gnu --host=x86_64-linux-gnu --target=x86_64-linux-gnu
Thread model: posix
gcc version 5.4.0 20160609 (Ubuntu 5.4.0-6ubuntu1~16.04.9) 
configure:4092: $? = 0
configure:4081: g++ -V >&5
g++: error: unrecognized command line option '-V'
g++: fatal error: no input files
compilation terminated.
configure:4092: $? = 1
configure:4081: g++ -qversion >&5
g++: error: unrecognized command line option '-qversion'
g++: fatal error: no input files
compilation terminated.
configure:4092: $? = 1
configure:4096: checking whether we are using the GNU C++ compiler
configure:4115: g++ -c   conftest.cpp >&5
configure:4115: $? = 0
configure:4124: result: yes
configure:4133: checking whether g++ accepts -g
configure:4153: g++ -c -g  conftest.cpp >&5
configure:4153: $? = 0
configure:4194: result: yes
configure:4219: checking dependency style of g++
configure:4330: result: gcc3
configure:4374: checking build system type
configure:4388: result: x86_64-unknown-linux-gnu
configure:4408: checking host system type
configure:4421: result: x86_64-unknown-linux-gnu
configure:4462: checking how to print strings
configure:4489: result: printf
configure:4510: checking for a sed that does not truncate output
configure:4574: result: /bin/sed
configure:4592: checking for grep that handles long lines and -e
configure:4650: result: /bin/grep
configure:4655: checking for egrep
configure:4717: result: /bin/grep -E
configure:4722: checking for fgrep
configure:4784: result: /bin/grep -F
configure:4819: checking for ld used by gcc
configure:4886: result: /usr/bin/ld
configure:4893: checking if the linker (/usr/bin/ld) is GNU ld
configure:4908: result: yes
configure:4920: checking for BSD- or MS-compatible name lister (nm)
configure:4974: result: /usr/bin/nm -B
configure:5104: checking the name lister (/usr/bin/nm -B) interface
configure:5111: gcc -c -Wall -O3 -fPIC -D_LARGE_FILE_API -D_LARGEFILE64_SOURCE -D_FILE_OFFSET_BITS=64 -Wall -O3 -fPIC -D_LARGE_FILE_API -D_LARGEFILE64_SOURCE -D_FILE_OFFSET_BITS=64  conftest.c >&5
configure:5114: /usr/bin/nm -B "conftest.o"
configure:5117: output
0000000000000000 B some_variable
configure:5124: result: BSD nm
configure:5127: checking whether ln -s works
configure:5131: result: yes
configure:5139: checking the maximum length of command line arguments
configure:5270: result: 1572864
configure:5318: checking how to convert x86_64-unknown-linux-gnu file names to x86_64-unknown-linux-gnu format
configure:5358: result: func_convert_file_noop
configure:5365: checking how to convert x86_64-unknown-linux-gnu file names to toolchain format
configure:5385: result: func_convert_file_noop
configure:5392: checking for /usr/bin/ld option to reload object files
configure:5399: result: -r
configure:5473: checking for objdump
configure:5489: found /usr/bin/objdump
configure:5500: result: objdump
configure:5532: checking how to recognize dependent libraries
configure:5732: result: pass_all
configure:5817: checking for dlltool
configure:5847: result: no
configure:5877: checking how to associate runtime and link libraries
configure:5904: result: printf %s\n
configure:5965: checking for ar
configure:5981: found /usr/bin/ar
configure:5992: result: ar
configure:6029: checking for archiver @FILE support
configure:6046: gcc -c -Wall -O3 -fPIC -D_LARGE_FILE_API -D_LARGEFILE64_SOURCE -D_FILE_OFFSET_BITS=64 -Wall -O3 -fPIC -D_LARGE_FILE_API -D_LARGEFILE64_SOURCE -D_FILE_OFFSET_BITS=64  conftest.c >&5
configure:6046: $? = 0
configure:6049: ar cru libconftest.a @conftest.lst >&5
ar: `u' modifier ignored since `D' is the default (see `U')
configure:6052: $? = 0
configure:6057: ar cru libconftest.a @conftest.lst >&5
ar: `u' modifier ignored since `D' is the default (see `U')
ar: conftest.o: No such file or directory
configure:6060: $? = 1
configure:6072: result: @
configure:6130: checking for strip
configure:6146: found /usr/bin/strip
configure:6157: result: strip
configure:6229: checking for ranlib
configure:6245: found /usr/bin/ranlib
configure:6256: result: ranlib
configure:6358: checking command to parse /usr/bin/nm -B output from gcc object
configure:6511: gcc -c -Wall -O3 -fPIC -D_LARGE_FILE_API -D_LARGEFILE64_SOURCE -D_FILE_OFFSET_BITS=64 -Wall -O3 -fPIC -D_LARGE_FILE_API -D_LARGEFILE64_SOURCE -D_FILE_OFFSET_BITS=64  conftest.c >&5
configure:6514: $? = 0
configure:6518: /usr/bin/nm -B conftest.o \| sed -n -e 's/^.*[ ]\([ABCDGIRSTW][ABCDGIRSTW]*\)[ ][ ]*\([_A-Za-z][_A-Za-z0-9]*\)$/\1 \2 \2/p' | sed '/ __gnu_lto/d' \> conftest.nm
configure:6521: $? = 0
configure:6587: gcc -o conftest -Wall -O3 -fPIC -D_LARGE_FILE_API -D_LARGEFILE64_SOURCE -D_FILE_OFFSET_BITS=64 -Wall -O3 -fPIC -D_LARGE_FILE_API -D_LARGEFILE64_SOURCE -D_FILE_OFFSET_BITS=64   conftest.c conftstm.o >&5
configure:6590: $? = 0
configure:6628: result: ok
configure:6675: checking for sysroot
configure:6705: result: no
configure:6712: checking for a working dd
configure:6750: result: /bin/dd
configure:6754: checking how to truncate binary pipes
configure:6769: result: /bin/dd bs=4096 count=1
configure:6905: gcc -c -Wall -O3 -fPIC -D_LARGE_FILE_API -D_LARGEFILE64_SOURCE -D_FILE_OFFSET_BITS=64 -Wall -O3 -fPIC -D_LARGE_FILE_API -D_LARGEFILE64_SOURCE -D_FILE_OFFSET_BITS=64  conftest.c >&5
configure:6908: $? = 0
configure:7098: checking for mt
configure:7114: found /bin/mt
configure:7125: result: mt
configure:7148: checking if mt is a manifest tool
configure:7154: mt '-?'
configure:7162: result: no
configure:7839: checking how to run the C preprocessor
configure:7870: gcc -E  conftest.c
configure:7870: $? = 0
configure:7884: gcc -E  conftest.c
conftest.c:11:28: fatal error: ac_nonexistent.h: No such file or directory
compilation terminated.
configure:7884: $? = 1
configure: failed program was:
| /* confdefs.h */
| #define PACKAGE_NAME "uriparser"
| #define PACKAGE_TARNAME "uriparser"
| #define PACKAGE_VERSION "0.8.4"
| #define PACKAGE_STRING "uriparser 0.8.4"
| #define PACKAGE_BUGREPORT ""
| #define PACKAGE_URL ""
| #define PACKAGE "uriparser"
| #define VERSION "0.8.4"
| /* end confdefs.h.  */
| #include <ac_nonexistent.h>
configure:7909: result: gcc -E
configure:7929: gcc -E  conftest.c
configure:7929: $? = 0
configure:7943: gcc -E  conftest.c
conftest.c:11:28: fatal error: ac_nonexistent.h: No such file or directory
compilation terminated.
configure:7943: $? = 1
configure: failed program was:
| /* confdefs.h */
| #define PACKAGE_NAME "uriparser"
| #define PACKAGE_TARNAME "uriparser"
| #define PACKAGE_VERSION "0.8.4"
| #define PACKAGE_STRING "uriparser 0.8.4"
| #define PACKAGE_BUGREPORT ""
| #define PACKAGE_URL ""
| #define PACKAGE "uriparser"
| #define VERSION "0.8.4"
| /* end confdefs.h.  */
| #include <ac_nonexistent.h>
configure:7972: checking for ANSI C header files
configure:7992: gcc -c -Wall -O3 -fPIC -D_LARGE_FILE_API -D_LARGEFILE64_SOURCE -D_FILE_OFFSET_BITS=64 -Wall -O3 -fPIC -D_LARGE_FILE_API -D_LARGEFILE64_SOURCE -D_FILE_OFFSET_BITS=64  conftest.c >&5
configure:7992: $? = 0
configure:8065: gcc -o conftest -Wall -O3 -fPIC -D_LARGE_FILE_API -D_LARGEFILE64_SOURCE -D_FILE_OFFSET_BITS=64 -Wall -O3 -fPIC -D_LARGE_FILE_API -D_LARGEFILE64_SOURCE -D_FILE_OFFSET_BITS=64   conftest.c  >&5
configure:8065: $? = 0
configure:8065: ./conftest
configure:8065: $? = 0
configure:8076: result: yes
configure:8089: checking for sys/types.h
configure:8089: gcc -c -Wall -O3 -fPIC -D_LARGE_FILE_API -D_LARGEFILE64_SOURCE -D_FILE_OFFSET_BITS=64 -Wall -O3 -fPIC -D_LARGE_FILE_API -D_LARGEFILE64_SOURCE -D_FILE_OFFSET_BITS=64  conftest.c >&5
configure:8089: $? = 0
configure:8089: result: yes
configure:8089: checking for sys/stat.h
configure:8089: gcc -c -Wall -O3 -fPIC -D_LARGE_FILE_API -D_LARGEFILE64_SOURCE -D_FILE_OFFSET_BITS=64 -Wall -O3 -fPIC -D_LARGE_FILE_API -D_LARGEFILE64_SOURCE -D_FILE_OFFSET_BITS=64  conftest.c >&5
configure:8089: $? = 0
configure:8089: result: yes
configure:8089: checking for stdlib.h
configure:8089: gcc -c -Wall -O3 -fPIC -D_LARGE_FILE_API -D_LARGEFILE64_SOURCE -D_FILE_OFFSET_BITS=64 -Wall -O3 -fPIC -D_LARGE_FILE_API -D_LARGEFILE64_SOURCE -D_FILE_OFFSET_BITS=64  conftest.c >&5
configure:8089: $? = 0
configure:8089: result: yes
configure:8089: checking for string.h
configure:8089: gcc -c -Wall -O3 -fPIC -D_LARGE_FILE_API -D_LARGEFILE64_SOURCE -D_FILE_OFFSET_BITS=64 -Wall -O3 -fPIC -D_LARGE_FILE_API -D_LARGEFILE64_SOURCE -D_FILE_OFFSET_BITS=64  conftest.c >&5
configure:8089: $? = 0
configure:8089: result: yes
configure:8089: checking for memory.h
configure:8089: gcc -c -Wall -O3 -fPIC -D_LARGE_FILE_API -D_LARGEFILE64_SOURCE -D_FILE_OFFSET_BITS=64 -Wall -O3 -fPIC -D_LARGE_FILE_API -D_LARGEFILE64_SOURCE -D_FILE_OFFSET_BITS=64  conftest.c >&5
configure:8089: $? = 0
configure:8089: result: yes
configure:8089: checking for strings.h
configure:8089: gcc -c -Wall -O3 -fPIC -D_LARGE_FILE_API -D_LARGEFILE64_SOURCE -D_FILE_OFFSET_BITS=64 -Wall -O3 -fPIC -D_LARGE_FILE_API -D_LARGEFILE64_SOURCE -D_FILE_OFFSET_BITS=64  conftest.c >&5
configure:8089: $? = 0
configure:8089: result: yes
configure:8089: checking for inttypes.h
configure:8089: gcc -c -Wall -O3 -fPIC -D_LARGE_FILE_API -D_LARGEFILE64_SOURCE -D_FILE_OFFSET_BITS=64 -Wall -O3 -fPIC -D_LARGE_FILE_API -D_LARGEFILE64_SOURCE -D_FILE_OFFSET_BITS=64  conftest.c >&5
configure:8089: $? = 0
configure:8089: result: yes
configure:8089: checking for stdint.h
configure:8089: gcc -c -Wall -O3 -fPIC -D_LARGE_FILE_API -D_LARGEFILE64_SOURCE -D_FILE_OFFSET_BITS=64 -Wall -O3 -fPIC -D_LARGE_FILE_API -D_LARGEFILE64_SOURCE -D_FILE_OFFSET_BITS=64  conftest.c >&5
configure:8089: $? = 0
configure:8089: result: yes
configure:8089: checking for unistd.h
configure:8089: gcc -c -Wall -O3 -fPIC -D_LARGE_FILE_API -D_LARGEFILE64_SOURCE -D_FILE_OFFSET_BITS=64 -Wall -O3 -fPIC -D_LARGE_FILE_API -D_LARGEFILE64_SOURCE -D_FILE_OFFSET_BITS=64  conftest.c >&5
configure:8089: $? = 0
configure:8089: result: yes
configure:8103: checking for dlfcn.h
configure:8103: gcc -c -Wall -O3 -fPIC -D_LARGE_FILE_API -D_LARGEFILE64_SOURCE -D_FILE_OFFSET_BITS=64 -Wall -O3 -fPIC -D_LARGE_FILE_API -D_LARGEFILE64_SOURCE -D_FILE_OFFSET_BITS=64  conftest.c >&5
configure:8103: $? = 0
configure:8103: result: yes
configure:8370: checking for objdir
configure:8385: result: .libs
configure:8649: checking if gcc supports -fno-rtti -fno-exceptions
configure:8667: gcc -c -Wall -O3 -fPIC -D_LARGE_FILE_API -D_LARGEFILE64_SOURCE -D_FILE_OFFSET_BITS=64 -Wall -O3 -fPIC -D_LARGE_FILE_API -D_LARGEFILE64_SOURCE -D_FILE_OFFSET_BITS=64  -fno-rtti -fno-exceptions conftest.c >&5
cc1: warning: command line option '-fno-rtti' is valid for C++/ObjC++ but not for C
configure:8671: $? = 0
configure:8684: result: no
configure:9042: checking for gcc option to produce PIC
configure:9049: result: -fPIC -DPIC
configure:9057: checking if gcc PIC flag -fPIC -DPIC works
configure:9075: gcc -c -Wall -O3 -fPIC -D_LARGE_FILE_API -D_LARGEFILE64_SOURCE -D_FILE_OFFSET_BITS=64 -Wall -O3 -fPIC -D_LARGE_FILE_API -D_LARGEFILE64_SOURCE -D_FILE_OFFSET_BITS=64  -fPIC -DPIC -DPIC conftest.c >&5
configure:9079: $? = 0
configure:9092: result: yes
configure:9121: checking if gcc static flag -static works
configure:9149: result: yes
configure:9164: checking if gcc supports -c -o file.o
configure:9185: gcc -c -Wall -O3 -fPIC -D_LARGE_FILE_API -D_LARGEFILE64_SOURCE -D_FILE_OFFSET_BITS=64 -Wall -O3 -fPIC -D_LARGE_FILE_API -D_LARGEFILE64_SOURCE -D_FILE_OFFSET_BITS=64  -o out/conftest2.o conftest.c >&5
configure:9189: $? = 0
configure:9211: result: yes
configure:9219: checking if gcc supports -c -o file.o
configure:9266: result: yes
configure:9299: checking whether the gcc linker (/usr/bin/ld -m elf_x86_64) supports shared libraries
configure:10558: result: yes
configure:10595: checking whether -lc should be explicitly linked in
configure:10603: gcc -c -Wall -O3 -fPIC -D_LARGE_FILE_API -D_LARGEFILE64_SOURCE -D_FILE_OFFSET_BITS=64 -Wall -O3 -fPIC -D_LARGE_FILE_API -D_LARGEFILE64_SOURCE -D_FILE_OFFSET_BITS=64  conftest.c >&5
configure:10606: $? = 0
configure:10621: gcc -shared  -fPIC -DPIC conftest.o  -v -Wl,-soname -Wl,conftest -o conftest 2\>\&1 \| /bin/grep  -lc  \>/dev/null 2\>\&1
configure:10624: $? = 0
configure:10638: result: no
configure:10798: checking dynamic linker characteristics
configure:11392: gcc -o conftest -Wall -O3 -fPIC -D_LARGE_FILE_API -D_LARGEFILE64_SOURCE -D_FILE_OFFSET_BITS=64 -Wall -O3 -fPIC -D_LARGE_FILE_API -D_LARGEFILE64_SOURCE -D_FILE_OFFSET_BITS=64   -Wl,-rpath -Wl,/foo conftest.c  >&5
configure:11392: $? = 0
configure:11629: result: GNU/Linux ld.so
configure:11751: checking how to hardcode library paths into programs
configure:11776: result: immediate
configure:12324: checking whether stripping libraries is possible
configure:12329: result: yes
configure:12364: checking if libtool supports shared libraries
configure:12366: result: yes
configure:12369: checking whether to build shared libraries
configure:12394: result: yes
configure:12397: checking whether to build static libraries
configure:12401: result: no
configure:12424: checking how to run the C++ preprocessor
configure:12451: g++ -E  conftest.cpp
configure:12451: $? = 0
configure:12465: g++ -E  conftest.cpp
conftest.cpp:23:28: fatal error: ac_nonexistent.h: No such file or directory
compilation terminated.
configure:12465: $? = 1
configure: failed program was:
| /* confdefs.h */
| #define PACKAGE_NAME "uriparser"
| #define PACKAGE_TARNAME "uriparser"
| #define PACKAGE_VERSION "0.8.4"
| #define PACKAGE_STRING "uriparser 0.8.4"
| #define PACKAGE_BUGREPORT ""
| #define PACKAGE_URL ""
| #define PACKAGE "uriparser"
| #define VERSION "0.8.4"
| #define STDC_HEADERS 1
| #define HAVE_SYS_TYPES_H 1
| #define HAVE_SYS_STAT_H 1
| #define HAVE_STDLIB_H 1
| #define HAVE_STRING_H 1
| #define HAVE_MEMORY_H 1
| #define HAVE_STRINGS_H 1
| #define HAVE_INTTYPES_H 1
| #define HAVE_STDINT_H 1
| #define HAVE_UNISTD_H 1
| #define HAVE_DLFCN_H 1
| #define LT_OBJDIR ".libs/"
| /* end confdefs.h.  */
| #include <ac_nonexistent.h>
configure:12490: result: g++ -E
configure:12510: g++ -E  conftest.cpp
configure:12510: $? = 0
configure:12524: g++ -E  conftest.cpp
conftest.cpp:23:28: fatal error: ac_nonexistent.h: No such file or directory
compilation terminated.
configure:12524: $? = 1
configure: failed program was:
| /* confdefs.h */
| #define PACKAGE_NAME "uriparser"
| #define PACKAGE_TARNAME "uriparser"
| #define PACKAGE_VERSION "0.8.4"
| #define PACKAGE_STRING "uriparser 0.8.4"
| #define PACKAGE_BUGREPORT ""
| #define PACKAGE_URL ""
| #define PACKAGE "uriparser"
| #define VERSION "0.8.4"
| #define STDC_HEADERS 1
| #define HAVE_SYS_TYPES_H 1
| #define HAVE_SYS_STAT_H 1
| #define HAVE_STDLIB_H 1
| #define HAVE_STRING_H 1
| #define HAVE_MEMORY_H 1
| #define HAVE_STRINGS_H 1
| #define HAVE_INTTYPES_H 1
| #define HAVE_STDINT_H 1
| #define HAVE_UNISTD_H 1
| #define HAVE_DLFCN_H 1
| #define LT_OBJDIR ".libs/"
| /* end confdefs.h.  */
| #include <ac_nonexistent.h>
configure:12686: checking for ld used by g++
configure:12753: result: /usr/bin/ld -m elf_x86_64
configure:12760: checking if the linker (/usr/bin/ld -m elf_x86_64) is GNU ld
configure:12775: result: yes
configure:12830: checking whether the g++ linker (/usr/bin/ld -m elf_x86_64) supports shared libraries
configure:13903: result: yes
configure:13939: g++ -c -g -O2  conftest.cpp >&5
configure:13942: $? = 0
configure:14423: checking for g++ option to produce PIC
configure:14430: result: -fPIC -DPIC
configure:14438: checking if g++ PIC flag -fPIC -DPIC works
configure:14456: g++ -c -g -O2  -fPIC -DPIC -DPIC conftest.cpp >&5
configure:14460: $? = 0
configure:14473: result: yes
configure:14496: checking if g++ static flag -static works
configure:14524: result: yes
configure:14536: checking if g++ supports -c -o file.o
configure:14557: g++ -c -g -O2  -o out/conftest2.o conftest.cpp >&5
configure:14561: $? = 0
configure:14583: result: yes
configure:14588: checking if g++ supports -c -o file.o
configure:14635: result: yes
configure:14665: checking whether the g++ linker (/usr/bin/ld -m elf_x86_64) supports shared libraries
configure:14705: result: yes
configure:14846: checking dynamic linker characteristics
configure:15604: result: GNU/Linux ld.so
configure:15669: checking how to hardcode library paths into programs
configure:15694: result: immediate
configure:15755: checking for ANSI C header files
configure:15859: result: yes
configure:15886: checking for wprintf
configure:15899: gcc -o conftest -Wall -O3 -fPIC -D_LARGE_FILE_API -D_LARGEFILE64_SOURCE -D_FILE_OFFSET_BITS=64 -Wall -O3 -fPIC -D_LARGE_FILE_API -D_LARGEFILE64_SOURCE -D_FILE_OFFSET_BITS=64   conftest.c  >&5
configure:15899: $? = 0
configure:15904: result: yes
configure:16461: checking that generated files are newer than configure
configure:16467: result: done
configure:16506: creating ./config.status

## ---------------- ##
## Cache variables. ##
## ---------------- ##

ac_cv_build=x86_64-unknown-linux-gnu
ac_cv_c_compiler_gnu=yes
ac_cv_cxx_compiler_gnu=yes
ac_cv_env_CCC_set=
ac_cv_env_CCC_value=
ac_cv_env_CC_set=
ac_cv_env_CC_value=
ac_cv_env_CFLAGS_set=set
ac_cv_env_CFLAGS_value='-Wall -O3 -fPIC -D_LARGE_FILE_API -D_LARGEFILE64_SOURCE -D_FILE_OFFSET_BITS=64 -Wall -O3 -fPIC -D_LARGE_FILE_API -D_LARGEFILE64_SOURCE -D_FILE_OFFSET_BITS=64'
ac_cv_env_CPPFLAGS_set=
ac_cv_env_CPPFLAGS_value=
ac_cv_env_CPPTEST_CFLAGS_set=
ac_cv_env_CPPTEST_CFLAGS_value=
ac_cv_env_CPPTEST_LIBS_set=
ac_cv_env_CPPTEST_LIBS_value=
ac_cv_env_CPP_set=
ac_cv_env_CPP_value=
ac_cv_env_CXXCPP_set=
ac_cv_env_CXXCPP_value=
ac_cv_env_CXXFLAGS_set=
ac_cv_env_CXXFLAGS_value=
ac_cv_env_CXX_set=
ac_cv_env_CXX_value=
ac_cv_env_LDFLAGS_set=
ac_cv_env_LDFLAGS_value=
ac_cv_env_LIBS_set=
ac_cv_env_LIBS_value=
ac_cv_env_LT_SYS_LIBRARY_PATH_set=
ac_cv_env_LT_SYS_LIBRARY_PATH_value=
ac_cv_env_PKG_CONFIG_LIBDIR_set=
ac_cv_env_PKG_CONFIG_LIBDIR_value=
ac_cv_env_PKG_CONFIG_PATH_set=
ac_cv_env_PKG_CONFIG_PATH_value=
ac_cv_env_PKG_CONFIG_set=
ac_cv_env_PKG_CONFIG_value=
ac_cv_env_build_alias_set=
ac_cv_env_build_alias_value=
ac_cv_env_host_alias_set=
ac_cv_env_host_alias_value=
ac_cv_env_target_alias_set=
ac_cv_env_target_alias_value=
ac_cv_header_dlfcn_h=yes
ac_cv_header_inttypes_h=yes
ac_cv_header_memory_h=yes
ac_cv_header_stdc=yes
ac_cv_header_stdint_h=yes
ac_cv_header_stdlib_h=yes
ac_cv_header_string_h=yes
ac_cv_header_strings_h=yes
ac_cv_header_sys_stat_h=yes
ac_cv_header_sys_types_h=yes
ac_cv_header_unistd_h=yes
ac_cv_host=x86_64-unknown-linux-gnu
ac_cv_objext=o
ac_cv_path_EGREP='/bin/grep -E'
ac_cv_path_FGREP='/bin/grep -F'
ac_cv_path_GREP=/bin/grep
ac_cv_path_SED=/bin/sed
ac_cv_path_install='/usr/bin/install -c'
ac_cv_path_lt_DD=/bin/dd
ac_cv_path_mkdir=/bin/mkdir
ac_cv_prog_AWK=mawk
ac_cv_prog_CPP='gcc -E'
ac_cv_prog_CXXCPP='g++ -E'
ac_cv_prog_ac_ct_AR=ar
ac_cv_prog_ac_ct_CC=gcc
ac_cv_prog_ac_ct_CXX=g++
ac_cv_prog_ac_ct_MANIFEST_TOOL=mt
ac_cv_prog_ac_ct_OBJDUMP=objdump
ac_cv_prog_ac_ct_RANLIB=ranlib
ac_cv_prog_ac_ct_STRIP=strip
ac_cv_prog_cc_c89=
ac_cv_prog_cc_g=yes
ac_cv_prog_cxx_g=yes
ac_cv_prog_make_make_set=yes
am_cv_CC_dependencies_compiler_type=gcc3
am_cv_CXX_dependencies_compiler_type=gcc3
am_cv_make_support_nested_variables=yes
am_cv_prog_cc_c_o=yes
lt_cv_ar_at_file=@
lt_cv_archive_cmds_need_lc=no
lt_cv_deplibs_check_method=pass_all
lt_cv_file_magic_cmd='$MAGIC_CMD'
lt_cv_file_magic_test_file=
lt_cv_ld_reload_flag=-r
lt_cv_nm_interface='BSD nm'
lt_cv_objdir=.libs
lt_cv_path_LD=/usr/bin/ld
lt_cv_path_LDCXX='/usr/bin/ld -m elf_x86_64'
lt_cv_path_NM='/usr/bin/nm -B'
lt_cv_path_mainfest_tool=no
lt_cv_prog_compiler_c_o=yes
lt_cv_prog_compiler_c_o_CXX=yes
lt_cv_prog_compiler_pic='-fPIC -DPIC'
lt_cv_prog_compiler_pic_CXX='-fPIC -DPIC'
lt_cv_prog_compiler_pic_works=yes
lt_cv_prog_compiler_pic_works_CXX=yes
lt_cv_prog_compiler_rtti_exceptions=no
lt_cv_prog_compiler_static_works=yes
lt_cv_prog_compiler_static_works_CXX=yes
lt_cv_prog_gnu_ld=yes
lt_cv_prog_gnu_ldcxx=yes
lt_cv_sharedlib_from_linklib_cmd='printf %s\n'
lt_cv_shlibpath_overrides_runpath=no
lt_cv_sys_global_symbol_pipe='sed -n -e '\''s/^.*[	 ]\([ABCDGIRSTW][ABCDGIRSTW]*\)[	 ][	 ]*\([_A-Za-z][_A-Za-z0-9]*\)$/\1 \2 \2/p'\'' | sed '\''/ __gnu_lto/d'\'''
lt_cv_sys_global_symbol_to_c_name_address='sed -n -e '\''s/^: \(.*\) .*$/  {"\1", (void *) 0},/p'\'' -e '\''s/^[ABCDGIRSTW][ABCDGIRSTW]* .* \(.*\)$/  {"\1", (void *) \&\1},/p'\'''
lt_cv_sys_global_symbol_to_c_name_address_lib_prefix='sed -n -e '\''s/^: \(.*\) .*$/  {"\1", (void *) 0},/p'\'' -e '\''s/^[ABCDGIRSTW][ABCDGIRSTW]* .* \(lib.*\)$/  {"\1", (void *) \&\1},/p'\'' -e '\''s/^[ABCDGIRSTW][ABCDGIRSTW]* .* \(.*\)$/  {"lib\1", (void *) \&\1},/p'\'''
lt_cv_sys_global_symbol_to_cdecl='sed -n -e '\''s/^T .* \(.*\)$/extern int \1();/p'\'' -e '\''s/^[ABCDGIRSTW][ABCDGIRSTW]* .* \(.*\)$/extern char \1;/p'\'''
lt_cv_sys_global_symbol_to_import=
lt_cv_sys_max_cmd_len=1572864
lt_cv_to_host_file_cmd=func_convert_file_noop
lt_cv_to_tool_file_cmd=func_convert_file_noop
lt_cv_truncate_bin='/bin/dd bs=4096 count=1'

## ----------------- ##
## Output variables. ##
## ----------------- ##

ACLOCAL='aclocal-1.15'
AMDEPBACKSLASH='\'
AMDEP_FALSE='#'
AMDEP_TRUE=''
AMTAR='$${TAR-tar}'
AM_BACKSLASH='\'
AM_DEFAULT_V='$(AM_DEFAULT_VERBOSITY)'
AM_DEFAULT_VERBOSITY='1'
AM_V='$(V)'
AR='ar'
AUTOCONF='autoconf'
AUTOHEADER='autoheader'
AUTOMAKE='automake-1.15'
AWK='mawk'
CC='gcc'
CCDEPMODE='depmode=gcc3'
CFLAGS='-Wall -O3 -fPIC -D_LARGE_FILE_API -D_LARGEFILE64_SOURCE -D_FILE_OFFSET_BITS=64 -Wall -O3 -fPIC -D_LARGE_FILE_API -D_LARGEFILE64_SOURCE -D_FILE_OFFSET_BITS=64'
CPP='gcc -E'
CPPFLAGS='-I/home/mario/Documentos/Github_Test/1.ARQUEOPTERIX/FFMPEG-Control-API-Arqueopterix/arch_x86_linux/uriparser/../../3rdplibs/uriparser/include  -DURI_NO_UNICODE'
CPPTEST_CFLAGS=''
CPPTEST_LIBS=''
CXX='g++'
CXXCPP='g++ -E'
CXXDEPMODE='depmode=gcc3'
CXXFLAGS='-g -O2'
CYGPATH_W='echo'
DEFS='-DHAVE_CONFIG_H'
DEPDIR='.deps'
DLLTOOL='false'
DOXY_CHECK=''
DSYMUTIL=''
DUMPBIN=''
ECHO_C=''
ECHO_N='-n'
ECHO_T=''
EGREP='/bin/grep -E'
EXEEXT=''
FGREP='/bin/grep -F'
GENERATE_HTMLHELP=''
GRAPHVIZ_CHECK=''
GREP='/bin/grep'
INSTALL_DATA='${INSTALL} -m 644'
INSTALL_PROGRAM='${INSTALL}'
INSTALL_SCRIPT='${INSTALL}'
INSTALL_STRIP_PROGRAM='$(install_sh) -c -s'
LD='/usr/bin/ld -m elf_x86_64'
LDFLAGS=''
LIBOBJS=''
LIBS=''
LIBTOOL='$(SHELL) $(top_builddir)/libtool'
LIPO=''
LN_S='ln -s'
LTLIBOBJS=''
LT_SYS_LIBRARY_PATH=''
MAKEINFO='makeinfo'
MANIFEST_TOOL=':'
MKDIR_P='/bin/mkdir -p'
NM='/usr/bin/nm -B'
NMEDIT=''
OBJDUMP='objdump'
OBJEXT='o'
OTOOL64=''
OTOOL=''
PACKAGE='uriparser'
PACKAGE_BUGREPORT=''
PACKAGE_NAME='uriparser'
PACKAGE_STRING='uriparser 0.8.4'
PACKAGE_TARNAME='uriparser'
PACKAGE_URL=''
PACKAGE_VERSION='0.8.4'
PATH_SEPARATOR=':'
PKG_CONFIG=''
PKG_CONFIG_LIBDIR=''
PKG_CONFIG_PATH=''
QHG_LOCATION=''
RANLIB='ranlib'
SED='/bin/sed'
SET_MAKE=''
SHELL='/bin/bash'
STRIP='strip'
URI_GENERATE_DOC_FALSE=''
URI_GENERATE_DOC_TRUE='#'
URI_TEST_ENABLED_FALSE=''
URI_TEST_ENABLED_TRUE='#'
VERSION='0.8.4'
WIN32_FALSE=''
WIN32_TRUE='#'
ac_abs_confdir='/home/mario/Documentos/Github_Test/1.ARQUEOPTERIX/FFMPEG-Control-API-Arqueopterix/3rdplibs/uriparser'
ac_ct_AR='ar'
ac_ct_CC='gcc'
ac_ct_CXX='g++'
ac_ct_DUMPBIN=''
am__EXEEXT_FALSE=''
am__EXEEXT_TRUE='#'
am__fastdepCC_FALSE='#'
am__fastdepCC_TRUE=''
am__fastdepCXX_FALSE='#'
am__fastdepCXX_TRUE=''
am__include='include'
am__isrc=' -I$(srcdir)'
am__leading_dot='.'
am__nodep='_no'
am__quote=''
am__tar='$${TAR-tar} chof - "$$tardir"'
am__untar='$${TAR-tar} xf -'
bindir='${exec_prefix}/bin'
build='x86_64-unknown-linux-gnu'
build_alias=''
build_cpu='x86_64'
build_os='linux-gnu'
build_vendor='unknown'
datadir='${datarootdir}'
datarootdir='${prefix}/share'
docdir='${datarootdir}/doc/${PACKAGE_TARNAME}'
dvidir='${docdir}'
exec_prefix='${prefix}'
host='x86_64-unknown-linux-gnu'
host_alias=''
host_cpu='x86_64'
host_os='linux-gnu'
host_vendor='unknown'
htmldir='${docdir}'
includedir='${prefix}/include'
infodir='${datarootdir}/info'
install_sh='${SHELL} /home/mario/Documentos/Github_Test/1.ARQUEOPTERIX/FFMPEG-Control-API-Arqueopterix/3rdplibs/uriparser/build-aux/install-sh'
libdir='${exec_prefix}/lib'
libexecdir='${exec_prefix}/libexec'
localedir='${datarootdir}/locale'
localstatedir='${prefix}/var'
mandir='${datarootdir}/man'
mkdir_p='$(MKDIR_P)'
oldincludedir='/usr/include'
pdfdir='${docdir}'
prefix='/home/mario/Documentos/Github_Test/1.ARQUEOPTERIX/FFMPEG-Control-API-Arqueopterix/_install_dir_x86'
program_transform_name='s,x,x,'
psdir='${docdir}'
runstatedir='${localstatedir}/run'
sbindir='${exec_prefix}/sbin'
sharedstatedir='${prefix}/com'
sysconfdir='${prefix}/etc'
target_alias=''

## ----------- ##
## confdefs.h. ##
## ----------- ##

/* confdefs.h */
#define PACKAGE_NAME "uriparser"
#define PACKAGE_TARNAME "uriparser"
#define PACKAGE_VERSION "0.8.4"
#define PACKAGE_STRING "uriparser 0.8.4"
#define PACKAGE_BUGREPORT ""
#define PACKAGE_URL ""
#define PACKAGE "uriparser"
#define VERSION "0.8.4"
#define STDC_HEADERS 1
#define HAVE_SYS_TYPES_H 1
#define HAVE_SYS_STAT_H 1
#define HAVE_STDLIB_H 1
#define HAVE_STRING_H 1
#define HAVE_MEMORY_H 1
#define HAVE_STRINGS_H 1
#define HAVE_INTTYPES_H 1
#define HAVE_STDINT_H 1
#define HAVE_UNISTD_H 1
#define HAVE_DLFCN_H 1
#define LT_OBJDIR ".libs/"
#define STDC_HEADERS 1
#define HAVE_WPRINTF /**/

configure: exit 0

## ---------------------- ##
## Running config.status. ##
## ---------------------- ##

This file was extended by uriparser config.status 0.8.4, which was
generated by GNU Autoconf 2.69.  Invocation command line was

  CONFIG_FILES    = 
  CONFIG_HEADERS  = 
  CONFIG_LINKS    = 
  CONFIG_COMMANDS = 
  $ ./config.status 

on mario-OptiPlex-7010

config.status:1171: creating liburiparser.pc
config.status:1171: creating Makefile
config.status:1171: creating doc/Makefile
config.status:1171: creating doc/Doxyfile
config.status:1171: creating doc/release.sh
config.status:1171: creating test/config.h
config.status:1337: test/config.h is unchanged
config.status:1385: executing depfiles commands
config.status:1385: executing libtool commands
